TN:
SF:D:\projects\timeMap\build\app.js
FN:1,(anonymous_1)
FN:17,(anonymous_2)
FN:27,(anonymous_3)
FN:38,(anonymous_4)
FN:50,(anonymous_5)
FN:65,(anonymous_6)
FN:76,(anonymous_7)
FN:86,(anonymous_8)
FN:96,(anonymous_9)
FN:104,(anonymous_10)
FN:115,(anonymous_11)
FN:123,(anonymous_12)
FN:131,(anonymous_13)
FN:141,(anonymous_14)
FN:153,(anonymous_15)
FN:161,(anonymous_16)
FN:171,(anonymous_17)
FN:179,(anonymous_18)
FN:189,(anonymous_19)
FN:199,(anonymous_20)
FN:206,AppRun
FN:209,onRouteChangeSuccess
FN:216,(anonymous_23)
FN:223,AuthController
FN:228,activate
FN:236,(anonymous_26)
FN:243,authRouter
FN:255,(anonymous_28)
FN:262,dbtoolsController
FN:279,init
FN:283,deleteEvent
FN:285,onSuccess
FN:289,filterById
FN:298,saveEvent
FN:306,onSuccess
FN:318,editEvent
FN:334,postEvent
FN:337,onSuccess
FN:350,addEvent
FN:354,getEvents
FN:357,onSuccess
FN:362,onEach
FN:368,onError
FN:372,cleanConfirm
FN:382,onConfirm
FN:387,cleanDB
FN:390,onSuccess
FN:400,(anonymous_48)
FN:407,dbtoolsRouter
FN:419,(anonymous_50)
FN:426,Main404Controller
FN:431,activate
FN:435,getUrlPath
FN:448,checkURIEncode
FN:456,(anonymous_55)
FN:463,app404Router
FN:477,(anonymous_57)
FN:484,Main4040Run
FN:488,onLocationChange
FN:495,(anonymous_60)
FN:502,MainController
FN:506,(anonymous_62)
FN:513,mainRouter
FN:525,(anonymous_64)
FN:532,eventDirective
FN:545,eventCtrl
FN:550,init
FN:562,setEditDefault
FN:576,resetForm
FN:581,submitEvent
FN:584,onSuccessPost
FN:596,(anonymous_72)
FN:603,MapController
FN:608,(anonymous_74)
FN:615,initMap
FN:624,init
FN:628,getMapOptions
FN:635,createMarker
FN:644,(anonymous_79)
FN:645,(anonymous_80)
FN:661,(anonymous_81)
FN:668,mapRun
FN:686,(anonymous_83)
FN:694,sidebarDirective
FN:705,sidebarCtrl
FN:712,addEvent
FN:716,closeSideBar
FN:722,showSideBarDirective
FN:726,(anonymous_89)
FN:727,(anonymous_90)
FN:735,showSideBarCtrl
FN:736,(anonymous_92)
FN:739,buildToggler
FN:747,(anonymous_94)
FN:754,timelineDirective
FN:766,(anonymous_96)
FN:775,(anonymous_97)
FN:782,dbApi
FN:790,clean
FN:801,(anonymous_100)
FN:808,exceptionHandler
FN:811,handler
FN:829,(anonymous_103)
FN:836,interceptorConfig
FN:842,(anonymous_105)
FN:849,interceptorApi
FN:863,request
FN:871,response
FN:877,requestError
FN:882,responseError
FN:888,createRequest
FN:901,hideSpinner
FN:909,Request
FN:920,(anonymous_114)
FN:927,loggerApi
FN:939,success
FN:943,warning
FN:947,error
FN:951,info
FN:957,(anonymous_120)
FN:964,spinner
FN:975,link
FN:980,onHide
FN:984,onShow
FN:993,(anonymous_125)
FN:1000,spinnerApi
FN:1012,show
FN:1020,hide
FN:1028,toogle
FN:1036,getCurrent
FN:1043,(anonymous_131)
FN:1050,spinnerRun
FN:1055,init
FN:1064,(anonymous_134)
FN:1071,uuidApi
FN:1078,get
FN:1081,replaceFun
FN:1095,(anonymous_138)
FN:1104,(anonymous_139)
FN:1111,dbEventsApi
FN:1121,get
FN:1128,deleteEvent
FN:1136,update
FN:1144,post
FN:1161,(anonymous_145)
FN:1168,dbUtilsApi
FN:1176,onSuccess
FN:1183,onError
FN:1192,errorMsg
FNF:149
FNH:83
FNDA:1,(anonymous_1)
FNDA:1,(anonymous_2)
FNDA:1,(anonymous_3)
FNDA:1,(anonymous_4)
FNDA:1,(anonymous_5)
FNDA:1,(anonymous_6)
FNDA:1,(anonymous_7)
FNDA:1,(anonymous_8)
FNDA:1,(anonymous_9)
FNDA:1,(anonymous_10)
FNDA:1,(anonymous_11)
FNDA:1,(anonymous_12)
FNDA:1,(anonymous_13)
FNDA:1,(anonymous_14)
FNDA:1,(anonymous_15)
FNDA:1,(anonymous_16)
FNDA:1,(anonymous_17)
FNDA:1,(anonymous_18)
FNDA:1,(anonymous_19)
FNDA:1,(anonymous_20)
FNDA:2,AppRun
FNDA:2,onRouteChangeSuccess
FNDA:1,(anonymous_23)
FNDA:0,AuthController
FNDA:0,activate
FNDA:1,(anonymous_26)
FNDA:2,authRouter
FNDA:1,(anonymous_28)
FNDA:0,dbtoolsController
FNDA:0,init
FNDA:0,deleteEvent
FNDA:0,onSuccess
FNDA:0,filterById
FNDA:0,saveEvent
FNDA:0,onSuccess
FNDA:0,editEvent
FNDA:0,postEvent
FNDA:0,onSuccess
FNDA:0,addEvent
FNDA:0,getEvents
FNDA:0,onSuccess
FNDA:0,onEach
FNDA:0,onError
FNDA:0,cleanConfirm
FNDA:0,onConfirm
FNDA:0,cleanDB
FNDA:0,onSuccess
FNDA:1,(anonymous_48)
FNDA:2,dbtoolsRouter
FNDA:1,(anonymous_50)
FNDA:1,Main404Controller
FNDA:1,activate
FNDA:1,getUrlPath
FNDA:1,checkURIEncode
FNDA:1,(anonymous_55)
FNDA:4,app404Router
FNDA:1,(anonymous_57)
FNDA:4,Main4040Run
FNDA:6,onLocationChange
FNDA:1,(anonymous_60)
FNDA:0,MainController
FNDA:1,(anonymous_62)
FNDA:2,mainRouter
FNDA:1,(anonymous_64)
FNDA:0,eventDirective
FNDA:0,eventCtrl
FNDA:0,init
FNDA:0,setEditDefault
FNDA:0,resetForm
FNDA:0,submitEvent
FNDA:0,onSuccessPost
FNDA:1,(anonymous_72)
FNDA:0,MapController
FNDA:1,(anonymous_74)
FNDA:0,initMap
FNDA:0,init
FNDA:0,getMapOptions
FNDA:0,createMarker
FNDA:0,(anonymous_79)
FNDA:0,(anonymous_80)
FNDA:1,(anonymous_81)
FNDA:2,mapRun
FNDA:1,(anonymous_83)
FNDA:0,sidebarDirective
FNDA:0,sidebarCtrl
FNDA:0,addEvent
FNDA:0,closeSideBar
FNDA:0,showSideBarDirective
FNDA:0,(anonymous_89)
FNDA:0,(anonymous_90)
FNDA:0,showSideBarCtrl
FNDA:0,(anonymous_92)
FNDA:0,buildToggler
FNDA:1,(anonymous_94)
FNDA:0,timelineDirective
FNDA:1,(anonymous_96)
FNDA:1,(anonymous_97)
FNDA:1,dbApi
FNDA:0,clean
FNDA:1,(anonymous_100)
FNDA:3,exceptionHandler
FNDA:1,handler
FNDA:1,(anonymous_103)
FNDA:4,interceptorConfig
FNDA:1,(anonymous_105)
FNDA:4,interceptorApi
FNDA:4,request
FNDA:4,response
FNDA:0,requestError
FNDA:0,responseError
FNDA:4,createRequest
FNDA:4,hideSpinner
FNDA:4,Request
FNDA:1,(anonymous_114)
FNDA:9,loggerApi
FNDA:0,success
FNDA:0,warning
FNDA:1,error
FNDA:0,info
FNDA:1,(anonymous_120)
FNDA:0,spinner
FNDA:0,link
FNDA:0,onHide
FNDA:0,onShow
FNDA:1,(anonymous_125)
FNDA:7,spinnerApi
FNDA:4,show
FNDA:4,hide
FNDA:0,toogle
FNDA:0,getCurrent
FNDA:1,(anonymous_131)
FNDA:7,spinnerRun
FNDA:7,init
FNDA:1,(anonymous_134)
FNDA:5,uuidApi
FNDA:4,get
FNDA:124,replaceFun
FNDA:1,(anonymous_138)
FNDA:1,(anonymous_139)
FNDA:2,dbEventsApi
FNDA:0,get
FNDA:0,deleteEvent
FNDA:0,update
FNDA:0,post
FNDA:1,(anonymous_145)
FNDA:3,dbUtilsApi
FNDA:0,onSuccess
FNDA:0,onError
FNDA:0,errorMsg
DA:1,1
DA:4,1
DA:17,1
DA:20,1
DA:27,1
DA:30,1
DA:38,1
DA:41,1
DA:50,1
DA:53,1
DA:65,1
DA:68,1
DA:76,1
DA:79,1
DA:86,1
DA:89,1
DA:96,1
DA:99,1
DA:104,1
DA:107,1
DA:115,1
DA:118,1
DA:123,1
DA:126,1
DA:131,1
DA:134,1
DA:141,1
DA:144,1
DA:153,1
DA:156,1
DA:161,1
DA:164,1
DA:171,1
DA:174,1
DA:179,1
DA:182,1
DA:189,1
DA:192,1
DA:199,1
DA:202,1
DA:206,1
DA:207,2
DA:209,1
DA:210,2
DA:213,1
DA:216,1
DA:219,1
DA:223,1
DA:224,0
DA:226,0
DA:228,1
DA:229,0
DA:233,1
DA:236,1
DA:239,1
DA:243,1
DA:244,2
DA:251,1
DA:255,1
DA:258,1
DA:262,1
DA:263,0
DA:265,0
DA:266,0
DA:270,0
DA:271,0
DA:272,0
DA:273,0
DA:274,0
DA:275,0
DA:277,0
DA:279,1
DA:280,0
DA:283,1
DA:284,0
DA:285,1
DA:286,0
DA:287,0
DA:289,1
DA:290,0
DA:291,0
DA:293,0
DA:298,1
DA:299,0
DA:300,0
DA:301,0
DA:304,0
DA:306,1
DA:307,0
DA:308,0
DA:309,0
DA:310,0
DA:311,0
DA:312,0
DA:313,0
DA:314,0
DA:318,1
DA:319,0
DA:320,0
DA:326,0
DA:327,0
DA:329,0
DA:334,1
DA:335,0
DA:337,1
DA:338,0
DA:339,0
DA:340,0
DA:341,0
DA:344,0
DA:345,0
DA:346,0
DA:350,1
DA:351,0
DA:354,1
DA:355,0
DA:357,1
DA:358,0
DA:359,0
DA:360,0
DA:362,1
DA:363,0
DA:368,1
DA:369,0
DA:372,1
DA:373,0
DA:380,0
DA:382,1
DA:383,0
DA:387,1
DA:388,0
DA:390,1
DA:391,0
DA:392,0
DA:397,1
DA:400,1
DA:403,1
DA:407,1
DA:408,2
DA:415,1
DA:419,1
DA:422,1
DA:426,1
DA:427,1
DA:429,1
DA:431,1
DA:432,1
DA:435,1
DA:436,1
DA:437,1
DA:438,1
DA:439,1
DA:440,0
DA:442,1
DA:443,1
DA:445,1
DA:448,1
DA:449,1
DA:453,1
DA:456,1
DA:459,1
DA:463,1
DA:464,4
DA:473,1
DA:477,1
DA:480,1
DA:484,1
DA:485,4
DA:486,4
DA:488,1
DA:489,6
DA:492,1
DA:495,1
DA:498,1
DA:502,1
DA:506,1
DA:509,1
DA:513,1
DA:514,2
DA:521,1
DA:525,1
DA:528,1
DA:532,1
DA:533,0
DA:543,0
DA:545,1
DA:546,0
DA:548,0
DA:550,1
DA:551,0
DA:552,0
DA:554,0
DA:555,0
DA:556,0
DA:558,0
DA:562,1
DA:563,0
DA:576,1
DA:577,0
DA:578,0
DA:581,1
DA:582,0
DA:584,1
DA:585,0
DA:586,0
DA:587,0
DA:596,1
DA:599,1
DA:603,1
DA:608,1
DA:611,1
DA:615,1
DA:616,0
DA:622,0
DA:624,1
DA:625,0
DA:626,0
DA:628,1
DA:629,0
DA:635,1
DA:636,0
DA:637,0
DA:644,0
DA:645,0
DA:646,0
DA:652,0
DA:653,0
DA:661,1
DA:664,1
DA:668,1
DA:683,1
DA:686,1
DA:689,1
DA:694,1
DA:695,0
DA:702,0
DA:705,1
DA:706,0
DA:708,0
DA:709,0
DA:710,0
DA:712,1
DA:713,0
DA:716,1
DA:717,0
DA:722,1
DA:723,0
DA:727,0
DA:728,0
DA:732,0
DA:735,1
DA:736,0
DA:737,0
DA:739,1
DA:740,0
DA:747,1
DA:750,1
DA:754,1
DA:755,0
DA:761,0
DA:766,1
DA:769,1
DA:775,1
DA:778,1
DA:782,1
DA:783,1
DA:788,1
DA:790,1
DA:791,0
DA:798,1
DA:801,1
DA:804,1
DA:808,1
DA:809,3
DA:811,1
DA:812,1
DA:813,1
DA:814,1
DA:820,1
DA:821,1
DA:823,1
DA:826,1
DA:829,1
DA:832,1
DA:836,1
DA:837,4
DA:839,1
DA:842,1
DA:845,1
DA:849,1
DA:850,4
DA:857,4
DA:858,4
DA:859,4
DA:861,4
DA:863,1
DA:864,4
DA:865,4
DA:866,4
DA:867,4
DA:868,4
DA:871,1
DA:872,4
DA:873,4
DA:874,4
DA:877,1
DA:878,0
DA:879,0
DA:882,1
DA:883,0
DA:884,0
DA:885,0
DA:888,1
DA:889,4
DA:897,4
DA:898,4
DA:901,1
DA:902,4
DA:903,4
DA:904,4
DA:905,4
DA:909,1
DA:910,4
DA:911,4
DA:912,4
DA:913,4
DA:914,4
DA:917,1
DA:920,1
DA:923,1
DA:927,1
DA:928,9
DA:935,9
DA:937,9
DA:939,1
DA:940,0
DA:943,1
DA:944,0
DA:947,1
DA:948,1
DA:951,1
DA:952,0
DA:957,1
DA:960,1
DA:964,1
DA:965,0
DA:973,0
DA:975,1
DA:976,0
DA:977,0
DA:978,0
DA:980,1
DA:981,0
DA:984,1
DA:985,0
DA:989,1
DA:993,1
DA:996,1
DA:1000,1
DA:1001,7
DA:1008,7
DA:1010,7
DA:1012,1
DA:1013,4
DA:1014,0
DA:1016,4
DA:1017,4
DA:1020,1
DA:1021,4
DA:1022,0
DA:1024,4
DA:1025,4
DA:1028,1
DA:1029,0
DA:1030,0
DA:1032,0
DA:1036,1
DA:1037,0
DA:1040,1
DA:1043,1
DA:1046,1
DA:1050,1
DA:1051,7
DA:1053,7
DA:1055,1
DA:1056,7
DA:1061,1
DA:1064,1
DA:1067,1
DA:1071,1
DA:1072,5
DA:1076,5
DA:1078,1
DA:1079,4
DA:1081,1
DA:1082,124
DA:1083,124
DA:1084,0
DA:1086,124
DA:1088,124
DA:1089,124
DA:1095,1
DA:1098,1
DA:1104,1
DA:1107,1
DA:1111,1
DA:1112,2
DA:1119,2
DA:1121,1
DA:1122,0
DA:1128,1
DA:1129,0
DA:1130,0
DA:1136,1
DA:1137,0
DA:1138,0
DA:1144,1
DA:1145,0
DA:1146,0
DA:1147,0
DA:1149,0
DA:1151,0
DA:1158,1
DA:1161,1
DA:1164,1
DA:1168,1
DA:1169,3
DA:1174,3
DA:1176,1
DA:1177,0
DA:1178,0
DA:1179,0
DA:1183,1
DA:1184,0
DA:1185,0
DA:1186,0
DA:1188,0
DA:1192,1
DA:1193,0
DA:1194,0
DA:1195,0
DA:1197,0
DA:1198,0
DA:1200,0
DA:1201,0
DA:1202,0
DA:1204,0
DA:1207,0
DA:1208,0
DA:1211,0
DA:1212,0
DA:1214,0
DA:1218,1
LF:453
LH:294
BRDA:290,1,0,0
BRDA:290,1,1,0
BRDA:299,2,0,0
BRDA:299,2,1,0
BRDA:319,3,0,0
BRDA:319,3,1,0
BRDA:323,4,0,0
BRDA:323,4,1,0
BRDA:326,5,0,0
BRDA:326,5,1,0
BRDA:339,6,0,0
BRDA:339,6,1,0
BRDA:359,7,0,0
BRDA:359,7,1,0
BRDA:439,8,0,0
BRDA:439,8,1,1
BRDA:442,9,0,1
BRDA:442,9,1,0
BRDA:449,10,0,1
BRDA:449,10,1,1
BRDA:486,11,0,4
BRDA:486,11,1,4
BRDA:551,12,0,0
BRDA:551,12,1,0
BRDA:554,13,0,0
BRDA:554,13,1,0
BRDA:813,14,0,1
BRDA:813,14,1,1
BRDA:820,15,0,1
BRDA:820,15,1,0
BRDA:859,16,0,4
BRDA:859,16,1,4
BRDA:904,17,0,4
BRDA:904,17,1,0
BRDA:910,18,0,4
BRDA:910,18,1,0
BRDA:912,19,0,4
BRDA:912,19,1,0
BRDA:913,20,0,4
BRDA:913,20,1,4
BRDA:1013,21,0,0
BRDA:1013,21,1,4
BRDA:1021,22,0,0
BRDA:1021,22,1,4
BRDA:1029,23,0,0
BRDA:1029,23,1,0
BRDA:1083,24,0,0
BRDA:1083,24,1,124
BRDA:1083,25,0,124
BRDA:1083,25,1,124
BRDA:1088,26,0,120
BRDA:1088,26,1,4
BRDA:1146,27,0,0
BRDA:1146,27,1,0
BRDA:1177,28,0,0
BRDA:1177,28,1,0
BRDA:1177,28,2,0
BRDA:1178,29,0,0
BRDA:1178,29,1,0
BRDA:1185,30,0,0
BRDA:1185,30,1,0
BRDA:1194,31,0,0
BRDA:1194,31,1,0
BRDA:1197,32,0,0
BRDA:1197,32,1,0
BRDA:1200,33,0,0
BRDA:1200,33,1,0
BRDA:1201,34,0,0
BRDA:1201,34,1,0
BRDA:1207,35,0,0
BRDA:1207,35,1,0
BRDA:1211,36,0,0
BRDA:1211,36,1,0
BRF:73
BRH:23
end_of_record
